kotlin version: 2.2.21
error message: java.lang.RuntimeException: Exception while generating code for:
FUN name:onViewCreated visibility:public modality:OPEN returnType:kotlin.Unit
  VALUE_PARAMETER kind:DispatchReceiver name:<this> index:0 type:com.example.netowrk_training.ui.fragments.ArticleFragment
  VALUE_PARAMETER kind:Regular name:view index:1 type:android.view.View
  VALUE_PARAMETER kind:Regular name:savedInstanceState index:2 type:android.os.Bundle?
  overridden:
    public open fun onViewCreated (p0: @[EnhancedNullability] android.view.View, p1: @[EnhancedNullability] android.os.Bundle?): kotlin.Unit declared in androidx.fragment.app.Fragment
  BLOCK_BODY
    CALL 'public open fun onViewCreated (p0: @[EnhancedNullability] android.view.View, p1: @[EnhancedNullability] android.os.Bundle?): kotlin.Unit declared in androidx.fragment.app.Fragment' superQualifier='CLASS IR_EXTERNAL_JAVA_DECLARATION_STUB CLASS name:Fragment modality:OPEN visibility:public superTypes:[kotlin.Any; android.content.ComponentCallbacks; android.view.View.OnCreateContextMenuListener; androidx.lifecycle.LifecycleOwner; androidx.lifecycle.ViewModelStoreOwner; androidx.lifecycle.HasDefaultViewModelProviderFactory; androidx.savedstate.SavedStateRegistryOwner; androidx.activity.result.ActivityResultCaller]' type=kotlin.Unit origin=null
      ARG <this>: GET_VAR '<this>: com.example.netowrk_training.ui.fragments.ArticleFragment declared in com.example.netowrk_training.ui.fragments.ArticleFragment.onViewCreated' type=com.example.netowrk_training.ui.fragments.ArticleFragment origin=IMPLICIT_ARGUMENT
      ARG p0: GET_VAR 'view: android.view.View declared in com.example.netowrk_training.ui.fragments.ArticleFragment.onViewCreated' type=android.view.View origin=null
      ARG p1: GET_VAR 'savedInstanceState: android.os.Bundle? declared in com.example.netowrk_training.ui.fragments.ArticleFragment.onViewCreated' type=android.os.Bundle? origin=null
    CALL 'public final fun <set-binding> (<set-?>: com.example.netowrk_training.databinding.FragmentArticleBinding): kotlin.Unit declared in com.example.netowrk_training.ui.fragments.ArticleFragment' type=kotlin.Unit origin=EQ
      ARG <this>: GET_VAR '<this>: com.example.netowrk_training.ui.fragments.ArticleFragment declared in com.example.netowrk_training.ui.fragments.ArticleFragment.onViewCreated' type=com.example.netowrk_training.ui.fragments.ArticleFragment origin=IMPLICIT_ARGUMENT
      ARG <set-?>: BLOCK type=com.example.netowrk_training.databinding.FragmentArticleBinding origin=null
        VAR IR_TEMPORARY_VARIABLE name:tmp0 type:kotlin.Any? [val]
          CALL 'public open fun bind (rootView: @[EnhancedNullability] android.view.View): @[EnhancedNullability] com.example.netowrk_training.databinding.FragmentArticleBinding declared in com.example.netowrk_training.databinding.FragmentArticleBinding' type=@[EnhancedNullability] com.example.netowrk_training.databinding.FragmentArticleBinding origin=null
            ARG rootView: GET_VAR 'view: android.view.View declared in com.example.netowrk_training.ui.fragments.ArticleFragment.onViewCreated' type=android.view.View origin=null
        CALL 'public final fun checkNotNullExpressionValue (value: kotlin.Any?, expression: kotlin.String): kotlin.Unit declared in kotlin.jvm.internal.Intrinsics' type=kotlin.Unit origin=null
          ARG value: GET_VAR 'val tmp0: kotlin.Any? [val] declared in com.example.netowrk_training.ui.fragments.ArticleFragment.onViewCreated' type=kotlin.Any? origin=null
          ARG expression: CONST String type=kotlin.String value="bind(...)"
        GET_VAR 'val tmp0: kotlin.Any? [val] declared in com.example.netowrk_training.ui.fragments.ArticleFragment.onViewCreated' type=kotlin.Any? origin=null
    CALL 'public final fun <set-newsViewModel> (<set-?>: com.example.netowrk_training.ui.viewmodel.NewsViewModel): kotlin.Unit declared in com.example.netowrk_training.ui.fragments.ArticleFragment' type=kotlin.Unit origin=EQ
      ARG <this>: GET_VAR '<this>: com.example.netowrk_training.ui.fragments.ArticleFragment declared in com.example.netowrk_training.ui.fragments.ArticleFragment.onViewCreated' type=com.example.netowrk_training.ui.fragments.ArticleFragment origin=IMPLICIT_ARGUMENT
      ARG <set-?>: CALL 'public final fun <get-newsViewModel> (): com.example.netowrk_training.ui.viewmodel.NewsViewModel declared in com.example.netowrk_training.ui.MainActivity' type=com.example.netowrk_training.ui.viewmodel.NewsViewModel origin=GET_PROPERTY
        ARG <this>: BLOCK type=com.example.netowrk_training.ui.MainActivity origin=null
          VAR IR_TEMPORARY_VARIABLE name:tmp1 type:kotlin.Any? [val]
            CALL 'public final fun getActivity (): @[EnhancedNullability] androidx.fragment.app.FragmentActivity? [fake_override] declared in com.example.netowrk_training.ui.fragments.ArticleFragment' type=@[EnhancedNullability] androidx.fragment.app.FragmentActivity? origin=GET_PROPERTY
              ARG <this>: GET_VAR '<this>: com.example.netowrk_training.ui.fragments.ArticleFragment declared in com.example.netowrk_training.ui.fragments.ArticleFragment.onViewCreated' type=com.example.netowrk_training.ui.fragments.ArticleFragment origin=IMPLICIT_ARGUMENT
          CALL 'public final fun checkNotNull (object: kotlin.Any?, message: kotlin.String): kotlin.Unit declared in kotlin.jvm.internal.Intrinsics' type=kotlin.Unit origin=null
            ARG object: GET_VAR 'val tmp1: kotlin.Any? [val] declared in com.example.netowrk_training.ui.fragments.ArticleFragment.onViewCreated' type=kotlin.Any? origin=null
            ARG message: CONST String type=kotlin.String value="null cannot be cast to non-null type com.example.netowrk_training.ui.MainActivity"
          TYPE_OP type=com.example.netowrk_training.ui.MainActivity? origin=CAST typeOperand=com.example.netowrk_training.ui.MainActivity?
            GET_VAR 'val tmp1: kotlin.Any? [val] declared in com.example.netowrk_training.ui.fragments.ArticleFragment.onViewCreated' type=kotlin.Any? origin=null
    VAR name:article type:com.example.netowrk_training.models.Article [val]
      BLOCK type=com.example.netowrk_training.models.Article origin=null
        VAR IR_TEMPORARY_VARIABLE name:tmp2 type:kotlin.Any? [val]
          CALL 'public open fun getArticle (): @[EnhancedNullability] com.example.netowrk_training.models.Article declared in com.example.netowrk_training.ui.fragments.ArticleFragmentArgs' type=@[EnhancedNullability] com.example.netowrk_training.models.Article origin=GET_PROPERTY
            ARG <this>: CALL 'public final fun <get-args> (): com.example.netowrk_training.ui.fragments.ArticleFragmentArgs declared in com.example.netowrk_training.ui.fragments.ArticleFragment' type=com.example.netowrk_training.ui.fragments.ArticleFragmentArgs origin=GET_PROPERTY
              ARG <this>: GET_VAR '<this>: com.example.netowrk_training.ui.fragments.ArticleFragment declared in com.example.netowrk_training.ui.fragments.ArticleFragment.onViewCreated' type=com.example.netowrk_training.ui.fragments.ArticleFragment origin=IMPLICIT_ARGUMENT
        CALL 'public final fun checkNotNullExpressionValue (value: kotlin.Any?, expression: kotlin.String): kotlin.Unit declared in kotlin.jvm.internal.Intrinsics' type=kotlin.Unit origin=null
          ARG value: GET_VAR 'val tmp2: kotlin.Any? [val] declared in com.example.netowrk_training.ui.fragments.ArticleFragment.onViewCreated' type=kotlin.Any? origin=null
          ARG expression: CONST String type=kotlin.String value="getArticle(...)"
        GET_VAR 'val tmp2: kotlin.Any? [val] declared in com.example.netowrk_training.ui.fragments.ArticleFragment.onViewCreated' type=kotlin.Any? origin=null
    COMPOSITE type=kotlin.Unit origin=null
      CALL 'public final fun apply <T> (<this>: T of kotlin.StandardKt.apply, block: @[ExtensionFunctionType] kotlin.Function1<T of kotlin.StandardKt.apply, kotlin.Unit>): T of kotlin.StandardKt.apply [inline] declared in kotlin.StandardKt' type=@[EnhancedNullability] android.webkit.WebView origin=null
        TYPE_ARG T: @[EnhancedNullability] android.webkit.WebView
        ARG <this>: GET_FIELD 'FIELD IR_EXTERNAL_JAVA_DECLARATION_STUB name:webviewArticle type:@[EnhancedNullability] android.webkit.WebView visibility:public [final] declared in com.example.netowrk_training.databinding.FragmentArticleBinding' type=@[EnhancedNullability] android.webkit.WebView superQualifierSymbol=com.example.netowrk_training.databinding.FragmentArticleBinding origin=null
          receiver: CALL 'public final fun <get-binding> (): com.example.netowrk_training.databinding.FragmentArticleBinding declared in com.example.netowrk_training.ui.fragments.ArticleFragment' type=com.example.netowrk_training.databinding.FragmentArticleBinding origin=GET_PROPERTY
            ARG <this>: GET_VAR '<this>: com.example.netowrk_training.ui.fragments.ArticleFragment declared in com.example.netowrk_training.ui.fragments.ArticleFragment.onViewCreated' type=com.example.netowrk_training.ui.fragments.ArticleFragment origin=IMPLICIT_ARGUMENT
        ARG block: BLOCK type=@[ExtensionFunctionType] kotlin.Function1<@[EnhancedNullability] android.webkit.WebView, kotlin.Unit> origin=LAMBDA
          COMPOSITE type=kotlin.Unit origin=null
          FUNCTION_REFERENCE 'private final fun onViewCreated$lambda$0 ($this$apply: @[EnhancedNullability] android.webkit.WebView, $article: com.example.netowrk_training.models.Article): kotlin.Unit declared in com.example.netowrk_training.ui.fragments.ArticleFragment' type=@[ExtensionFunctionType] kotlin.Function1<@[EnhancedNullability] android.webkit.WebView, kotlin.Unit> origin=INLINE_LAMBDA reflectionTarget=null
            ARG $article: GET_VAR 'val article: com.example.netowrk_training.models.Article [val] declared in com.example.netowrk_training.ui.fragments.ArticleFragment.onViewCreated' type=com.example.netowrk_training.models.Article origin=null
      COMPOSITE type=kotlin.Unit origin=null
    COMPOSITE type=kotlin.Unit origin=null
      CALL 'public final fun apply <T> (<this>: T of kotlin.StandardKt.apply, block: @[ExtensionFunctionType] kotlin.Function1<T of kotlin.StandardKt.apply, kotlin.Unit>): T of kotlin.StandardKt.apply [inline] declared in kotlin.StandardKt' type=@[EnhancedNullability] com.google.android.material.floatingactionbutton.FloatingActionButton origin=null
        TYPE_ARG T: @[EnhancedNullability] com.google.android.material.floatingactionbutton.FloatingActionButton
        ARG <this>: GET_FIELD 'FIELD IR_EXTERNAL_JAVA_DECLARATION_STUB name:floatingFavButton type:@[EnhancedNullability] com.google.android.material.floatingactionbutton.FloatingActionButton visibility:public [final] declared in com.example.netowrk_training.databinding.FragmentArticleBinding' type=@[EnhancedNullability] com.google.android.material.floatingactionbutton.FloatingActionButton superQualifierSymbol=com.example.netowrk_training.databinding.FragmentArticleBinding origin=null
          receiver: CALL 'public final fun <get-binding> (): com.example.netowrk_training.databinding.FragmentArticleBinding declared in com.example.netowrk_training.ui.fragments.ArticleFragment' type=com.example.netowrk_training.databinding.FragmentArticleBinding origin=GET_PROPERTY
            ARG <this>: GET_VAR '<this>: com.example.netowrk_training.ui.fragments.ArticleFragment declared in com.example.netowrk_training.ui.fragments.ArticleFragment.onViewCreated' type=com.example.netowrk_training.ui.fragments.ArticleFragment origin=IMPLICIT_ARGUMENT
        ARG block: BLOCK type=@[ExtensionFunctionType] kotlin.Function1<@[EnhancedNullability] com.google.android.material.floatingactionbutton.FloatingActionButton, kotlin.Unit> origin=LAMBDA
          COMPOSITE type=kotlin.Unit origin=null
          FUNCTION_REFERENCE 'private final fun onViewCreated$lambda$1 ($this$apply: @[EnhancedNullability] com.google.android.material.floatingactionbutton.FloatingActionButton, this$0: com.example.netowrk_training.ui.fragments.ArticleFragment, $article: com.example.netowrk_training.models.Article, $view: android.view.View): kotlin.Unit declared in com.example.netowrk_training.ui.fragments.ArticleFragment' type=@[ExtensionFunctionType] kotlin.Function1<@[EnhancedNullability] com.google.android.material.floatingactionbutton.FloatingActionButton, kotlin.Unit> origin=INLINE_LAMBDA reflectionTarget=null
            ARG this$0: GET_VAR '<this>: com.example.netowrk_training.ui.fragments.ArticleFragment declared in com.example.netowrk_training.ui.fragments.ArticleFragment.onViewCreated' type=com.example.netowrk_training.ui.fragments.ArticleFragment origin=null
            ARG $article: GET_VAR 'val article: com.example.netowrk_training.models.Article [val] declared in com.example.netowrk_training.ui.fragments.ArticleFragment.onViewCreated' type=com.example.netowrk_training.models.Article origin=null
            ARG $view: GET_VAR 'view: android.view.View declared in com.example.netowrk_training.ui.fragments.ArticleFragment.onViewCreated' type=android.view.View origin=null
      COMPOSITE type=kotlin.Unit origin=null

	at org.jetbrains.kotlin.backend.jvm.codegen.FunctionCodegen.generate(FunctionCodegen.kt:53)
	at org.jetbrains.kotlin.backend.jvm.codegen.FunctionCodegen.generate$default(FunctionCodegen.kt:46)
	at org.jetbrains.kotlin.backend.jvm.codegen.ClassCodegen.generateMethodNode(ClassCodegen.kt:422)
	at org.jetbrains.kotlin.backend.jvm.codegen.ClassCodegen.generateMethod(ClassCodegen.kt:439)
	at org.jetbrains.kotlin.backend.jvm.codegen.ClassCodegen.generate(ClassCodegen.kt:164)
	at org.jetbrains.kotlin.backend.jvm.JvmIrCodegenFactory.generateFile(JvmIrCodegenFactory.kt:446)
	at org.jetbrains.kotlin.backend.jvm.JvmIrCodegenFactory.invokeCodegen(JvmIrCodegenFactory.kt:413)
	at org.jetbrains.kotlin.cli.jvm.compiler.KotlinToJVMBytecodeCompiler.runCodegen$cli(KotlinToJVMBytecodeCompiler.kt:425)
	at org.jetbrains.kotlin.cli.pipeline.jvm.JvmBackendPipelinePhase.executePhase(JvmBackendPipelinePhase.kt:89)
	at org.jetbrains.kotlin.cli.pipeline.jvm.JvmBackendPipelinePhase.executePhase(JvmBackendPipelinePhase.kt:27)
	at org.jetbrains.kotlin.cli.pipeline.PipelinePhase.phaseBody(PipelinePhase.kt:68)
	at org.jetbrains.kotlin.cli.pipeline.PipelinePhase.phaseBody(PipelinePhase.kt:58)
	at org.jetbrains.kotlin.config.phaser.NamedCompilerPhase.invoke(CompilerPhase.kt:102)
	at org.jetbrains.kotlin.backend.common.phaser.CompositePhase.invoke(PhaseBuilders.kt:22)
	at org.jetbrains.kotlin.config.phaser.CompilerPhaseKt.invokeToplevel(CompilerPhase.kt:53)
	at org.jetbrains.kotlin.cli.pipeline.AbstractCliPipeline.runPhasedPipeline(AbstractCliPipeline.kt:109)
	at org.jetbrains.kotlin.cli.pipeline.AbstractCliPipeline.execute(AbstractCliPipeline.kt:68)
	at org.jetbrains.kotlin.cli.jvm.K2JVMCompiler.doExecutePhased(K2JVMCompiler.kt:79)
	at org.jetbrains.kotlin.cli.jvm.K2JVMCompiler.doExecutePhased(K2JVMCompiler.kt:45)
	at org.jetbrains.kotlin.cli.common.CLICompiler.execImpl(CLICompiler.kt:90)
	at org.jetbrains.kotlin.cli.common.CLICompiler.exec(CLICompiler.kt:352)
	at org.jetbrains.kotlin.incremental.IncrementalJvmCompilerRunnerBase.runCompiler(IncrementalJvmCompilerRunnerBase.kt:176)
	at org.jetbrains.kotlin.incremental.IncrementalJvmCompilerRunnerBase.runCompiler(IncrementalJvmCompilerRunnerBase.kt:39)
	at org.jetbrains.kotlin.incremental.IncrementalCompilerRunner.doCompile(IncrementalCompilerRunner.kt:499)
	at org.jetbrains.kotlin.incremental.IncrementalCompilerRunner.compileImpl(IncrementalCompilerRunner.kt:416)
	at org.jetbrains.kotlin.incremental.IncrementalCompilerRunner.tryCompileIncrementally$lambda$0$compile(IncrementalCompilerRunner.kt:249)
	at org.jetbrains.kotlin.incremental.IncrementalCompilerRunner.tryCompileIncrementally(IncrementalCompilerRunner.kt:267)
	at org.jetbrains.kotlin.incremental.IncrementalCompilerRunner.compile(IncrementalCompilerRunner.kt:119)
	at org.jetbrains.kotlin.daemon.CompileServiceImplBase.execIncrementalCompiler(CompileServiceImpl.kt:684)
	at org.jetbrains.kotlin.daemon.CompileServiceImplBase.access$execIncrementalCompiler(CompileServiceImpl.kt:94)
	at org.jetbrains.kotlin.daemon.CompileServiceImpl.compile(CompileServiceImpl.kt:1810)
	at java.base/jdk.internal.reflect.DirectMethodHandleAccessor.invoke(Unknown Source)
	at java.base/java.lang.reflect.Method.invoke(Unknown Source)
	at java.rmi/sun.rmi.server.UnicastServerRef.dispatch(Unknown Source)
	at java.rmi/sun.rmi.transport.Transport$1.run(Unknown Source)
	at java.rmi/sun.rmi.transport.Transport$1.run(Unknown Source)
	at java.base/java.security.AccessController.doPrivileged(Unknown Source)
	at java.rmi/sun.rmi.transport.Transport.serviceCall(Unknown Source)
	at java.rmi/sun.rmi.transport.tcp.TCPTransport.handleMessages(Unknown Source)
	at java.rmi/sun.rmi.transport.tcp.TCPTransport$ConnectionHandler.run0(Unknown Source)
	at java.rmi/sun.rmi.transport.tcp.TCPTransport$ConnectionHandler.lambda$run$0(Unknown Source)
	at java.base/java.security.AccessController.doPrivileged(Unknown Source)
	at java.rmi/sun.rmi.transport.tcp.TCPTransport$ConnectionHandler.run(Unknown Source)
	at java.base/java.util.concurrent.ThreadPoolExecutor.runWorker(Unknown Source)
	at java.base/java.util.concurrent.ThreadPoolExecutor$Worker.run(Unknown Source)
	at java.base/java.lang.Thread.run(Unknown Source)
Caused by: java.lang.RuntimeException: Exception while generating code for:
FUN INLINE_LAMBDA name:onViewCreated$lambda$1 visibility:private modality:FINAL returnType:kotlin.Unit
  VALUE_PARAMETER kind:ExtensionReceiver name:$this$apply index:0 type:@[EnhancedNullability] com.google.android.material.floatingactionbutton.FloatingActionButton
  VALUE_PARAMETER BOUND_VALUE_PARAMETER kind:Regular name:this$0 index:1 type:com.example.netowrk_training.ui.fragments.ArticleFragment
  VALUE_PARAMETER BOUND_VALUE_PARAMETER kind:Regular name:$article index:2 type:com.example.netowrk_training.models.Article
  VALUE_PARAMETER BOUND_VALUE_PARAMETER kind:Regular name:$view index:3 type:android.view.View
  BLOCK_BODY
    VAR name:$i$a$-apply-ArticleFragment$onViewCreated$2 type:kotlin.Int [val]
      CONST Int type=kotlin.Int value=0
    WHEN type=kotlin.Unit origin=IF
      BRANCH
        if: CALL 'public abstract fun contains (element: E of kotlin.collections.List): kotlin.Boolean [operator] declared in kotlin.collections.List' type=kotlin.Boolean origin=null
          ARG <this>: CALL 'public final fun CHECK_NOT_NULL <T0> (arg0: T0 of kotlin.internal.ir.CHECK_NOT_NULL?): {T0 of kotlin.internal.ir.CHECK_NOT_NULL & Any} declared in kotlin.internal.ir' type=@[Nullable] kotlin.collections.List<com.example.netowrk_training.models.Article> origin=EXCLEXCL
            TYPE_ARG T0: @[EnhancedNullability] @[Nullable] kotlin.collections.List<com.example.netowrk_training.models.Article>
            ARG arg0: CALL 'public open fun getValue (): @[Nullable] @[EnhancedNullability] T of androidx.lifecycle.LiveData? declared in androidx.lifecycle.LiveData' type=@[EnhancedNullability] @[Nullable] kotlin.collections.List<com.example.netowrk_training.models.Article>? origin=GET_PROPERTY
              ARG <this>: CALL 'public final fun getFavoriteArticle (): androidx.lifecycle.LiveData<kotlin.collections.List<com.example.netowrk_training.models.Article>> declared in com.example.netowrk_training.ui.viewmodel.NewsViewModel' type=androidx.lifecycle.LiveData<kotlin.collections.List<com.example.netowrk_training.models.Article>> origin=null
                ARG <this>: CALL 'public final fun <get-newsViewModel> (): com.example.netowrk_training.ui.viewmodel.NewsViewModel declared in com.example.netowrk_training.ui.fragments.ArticleFragment' type=com.example.netowrk_training.ui.viewmodel.NewsViewModel origin=GET_PROPERTY
                  ARG <this>: GET_VAR 'this$0: com.example.netowrk_training.ui.fragments.ArticleFragment declared in com.example.netowrk_training.ui.fragments.ArticleFragment.onViewCreated$lambda$1' type=com.example.netowrk_training.ui.fragments.ArticleFragment origin=null
          ARG element: GET_VAR '$article: com.example.netowrk_training.models.Article declared in com.example.netowrk_training.ui.fragments.ArticleFragment.onViewCreated$lambda$1' type=com.example.netowrk_training.models.Article origin=null
        then: BLOCK type=kotlin.Unit origin=null
          SET_FIELD 'FIELD IR_EXTERNAL_JAVA_DECLARATION_STUB name:src type:kotlin.Int visibility:public [final,static] declared in android.R.attr' type=kotlin.Unit superQualifierSymbol=android.R.attr origin=EQ
            value: GET_FIELD 'FIELD IR_EXTERNAL_JAVA_DECLARATION_STUB name:favorite_solid type:kotlin.Int visibility:public [static] declared in com.example.netowrk_training.R.drawable' type=kotlin.Int superQualifierSymbol=com.example.netowrk_training.R.drawable origin=null
          SET_FIELD 'FIELD IR_EXTERNAL_JAVA_DECLARATION_STUB name:tint type:kotlin.Int visibility:public [final,static] declared in android.R.attr' type=kotlin.Unit superQualifierSymbol=android.R.attr origin=EQ
            value: CONST Int type=kotlin.Int value=17170454
    CALL 'public open fun setOnClickListener (p0: @[EnhancedNullability] android.view.View.OnClickListener?): kotlin.Unit [fake_override] declared in com.google.android.material.floatingactionbutton.FloatingActionButton' type=kotlin.Unit origin=null
      ARG <this>: GET_VAR '$this$apply: @[EnhancedNullability] com.google.android.material.floatingactionbutton.FloatingActionButton declared in com.example.netowrk_training.ui.fragments.ArticleFragment.onViewCreated$lambda$1' type=@[EnhancedNullability] com.google.android.material.floatingactionbutton.FloatingActionButton origin=null
      ARG p0: BLOCK type=android.view.View.OnClickListener origin=LAMBDA
        COMPOSITE type=kotlin.Unit origin=null
        CALL 'public final fun <jvm-indy> <T> (dynamicCall: T of kotlin.jvm.internal.<jvm-indy>, bootstrapMethodHandle: kotlin.Any, vararg bootstrapMethodArguments: kotlin.Any): T of kotlin.jvm.internal.<jvm-indy> declared in kotlin.jvm.internal' type=android.view.View.OnClickListener origin=null
          TYPE_ARG T: android.view.View.OnClickListener
          ARG dynamicCall: CALL 'public final fun onClick (p0: com.example.netowrk_training.ui.fragments.ArticleFragment, p1: com.example.netowrk_training.models.Article, p2: android.view.View): android.view.View.OnClickListener declared in kotlin.jvm.internal.invokeDynamic' type=android.view.View.OnClickListener origin=null
            ARG p0: GET_VAR 'this$0: com.example.netowrk_training.ui.fragments.ArticleFragment declared in com.example.netowrk_training.ui.fragments.ArticleFragment.onViewCreated$lambda$1' type=com.example.netowrk_training.ui.fragments.ArticleFragment origin=null
            ARG p1: GET_VAR '$article: com.example.netowrk_training.models.Article declared in com.example.netowrk_training.ui.fragments.ArticleFragment.onViewCreated$lambda$1' type=com.example.netowrk_training.models.Article origin=null
            ARG p2: GET_VAR '$view: android.view.View declared in com.example.netowrk_training.ui.fragments.ArticleFragment.onViewCreated$lambda$1' type=android.view.View origin=null
          ARG bootstrapMethodHandle: CALL 'public final fun <jvm-method-handle> (tag: kotlin.Int, owner: kotlin.String, name: kotlin.String, descriptor: kotlin.String, isInterface: kotlin.Boolean): kotlin.Any declared in kotlin.jvm.internal' type=kotlin.Any origin=null
            ARG tag: CONST Int type=kotlin.Int value=6
            ARG owner: CONST String type=kotlin.String value="java/lang/invoke/LambdaMetafactory"
            ARG name: CONST String type=kotlin.String value="metafactory"
            ARG descriptor: CONST String type=kotlin.String value="(Ljava/lang/invoke/MethodHandles$Lookup;Ljava/lang/String;Ljava/lang/invoke/MethodType;Ljava/lang/invoke/MethodType;Ljava/lang/invoke/MethodHandle;Ljava/lang/invoke/MethodType;)Ljava/lang/invoke/CallSite;"
            ARG isInterface: CONST Boolean type=kotlin.Boolean value=false
          ARG bootstrapMethodArguments: VARARG type=kotlin.Array<kotlin.Any> varargElementType=kotlin.Any
            CALL 'public final fun <jvm-original-method-type> (method: kotlin.Any): kotlin.Any declared in kotlin.jvm.internal' type=kotlin.Any origin=null
              ARG method: RAW_FUNCTION_REFERENCE 'public abstract fun onClick (p0: @[FlexibleNullability] android.view.View?): kotlin.Unit declared in android.view.View.OnClickListener' type=kotlin.Any
            RAW_FUNCTION_REFERENCE 'private final fun onViewCreated$lambda$1$0 (this$0: com.example.netowrk_training.ui.fragments.ArticleFragment, $article: com.example.netowrk_training.models.Article, $view: android.view.View, it: @[FlexibleNullability] android.view.View?): kotlin.Unit declared in com.example.netowrk_training.ui.fragments.ArticleFragment' type=kotlin.Any
            CALL 'public final fun <jvm-original-method-type> (method: kotlin.Any): kotlin.Any declared in kotlin.jvm.internal' type=kotlin.Any origin=null
              ARG method: RAW_FUNCTION_REFERENCE 'public abstract fun onClick (p0: @[FlexibleNullability] android.view.View?): kotlin.Unit [fake_override] declared in kotlin.jvm.internal.invokeDynamic.<fake>' type=kotlin.Any

	at org.jetbrains.kotlin.backend.jvm.codegen.FunctionCodegen.generate(FunctionCodegen.kt:53)
	at org.jetbrains.kotlin.backend.jvm.codegen.IrSourceCompilerForInline.generateLambdaBody(IrSourceCompilerForInline.kt:72)
	at org.jetbrains.kotlin.codegen.inline.ExpressionLambda.generateLambdaBody(LambdaInfo.kt:72)
	at org.jetbrains.kotlin.backend.jvm.codegen.IrInlineCodegen.genValueAndPut(IrInlineCodegen.kt:122)
	at org.jetbrains.kotlin.backend.jvm.codegen.ExpressionCodegen.visitCall$handleParameter(ExpressionCodegen.kt:567)
	at org.jetbrains.kotlin.backend.jvm.codegen.ExpressionCodegen.visitCall(ExpressionCodegen.kt:580)
	at org.jetbrains.kotlin.backend.jvm.codegen.ExpressionCodegen.visitCall(ExpressionCodegen.kt:134)
	at org.jetbrains.kotlin.ir.expressions.IrCall.accept(IrCall.kt:24)
	at org.jetbrains.kotlin.backend.jvm.codegen.ExpressionCodegen.visitStatementContainer(ExpressionCodegen.kt:530)
	at org.jetbrains.kotlin.backend.jvm.codegen.ExpressionCodegen.visitContainerExpression(ExpressionCodegen.kt:544)
	at org.jetbrains.kotlin.backend.jvm.codegen.ExpressionCodegen.visitContainerExpression(ExpressionCodegen.kt:134)
	at org.jetbrains.kotlin.ir.visitors.IrVisitor.visitComposite(IrVisitor.kt:125)
	at org.jetbrains.kotlin.ir.expressions.IrComposite.accept(IrComposite.kt:18)
	at org.jetbrains.kotlin.backend.jvm.codegen.ExpressionCodegen.visitStatementContainer(ExpressionCodegen.kt:530)
	at org.jetbrains.kotlin.backend.jvm.codegen.ExpressionCodegen.visitBlockBody(ExpressionCodegen.kt:535)
	at org.jetbrains.kotlin.backend.jvm.codegen.ExpressionCodegen.visitBlockBody(ExpressionCodegen.kt:134)
	at org.jetbrains.kotlin.ir.expressions.IrBlockBody.accept(IrBlockBody.kt:20)
	at org.jetbrains.kotlin.backend.jvm.codegen.ExpressionCodegen.generate(ExpressionCodegen.kt:232)
	at org.jetbrains.kotlin.backend.jvm.codegen.FunctionCodegen.doGenerate(FunctionCodegen.kt:129)
	at org.jetbrains.kotlin.backend.jvm.codegen.FunctionCodegen.generate(FunctionCodegen.kt:50)
	... 45 more
Caused by: java.lang.AssertionError: access of const val: SET_FIELD 'FIELD IR_EXTERNAL_JAVA_DECLARATION_STUB name:src type:kotlin.Int visibility:public [final,static] declared in android.R.attr' type=kotlin.Unit superQualifierSymbol=android.R.attr origin=EQ
  value: GET_FIELD 'FIELD IR_EXTERNAL_JAVA_DECLARATION_STUB name:favorite_solid type:kotlin.Int visibility:public [static] declared in com.example.netowrk_training.R.drawable' type=kotlin.Int superQualifierSymbol=com.example.netowrk_training.R.drawable origin=null

	at org.jetbrains.kotlin.backend.jvm.codegen.ExpressionCodegen.visitFieldAccess(ExpressionCodegen.kt:811)
	at org.jetbrains.kotlin.backend.jvm.codegen.ExpressionCodegen.visitFieldAccess(ExpressionCodegen.kt:134)
	at org.jetbrains.kotlin.ir.visitors.IrVisitor.visitSetField(IrVisitor.kt:215)
	at org.jetbrains.kotlin.backend.jvm.codegen.ExpressionCodegen.visitSetField(ExpressionCodegen.kt:862)
	at org.jetbrains.kotlin.backend.jvm.codegen.ExpressionCodegen.visitSetField(ExpressionCodegen.kt:134)
	at org.jetbrains.kotlin.ir.expressions.IrSetField.accept(IrSetField.kt:21)
	at org.jetbrains.kotlin.backend.jvm.codegen.ExpressionCodegen.visitStatementContainer(ExpressionCodegen.kt:530)
	at org.jetbrains.kotlin.backend.jvm.codegen.ExpressionCodegen.visitContainerExpression(ExpressionCodegen.kt:544)
	at org.jetbrains.kotlin.backend.jvm.codegen.ExpressionCodegen.visitContainerExpression(ExpressionCodegen.kt:134)
	at org.jetbrains.kotlin.ir.visitors.IrVisitor.visitBlock(IrVisitor.kt:122)
	at org.jetbrains.kotlin.backend.jvm.codegen.ExpressionCodegen.visitBlock(ExpressionCodegen.kt:416)
	at org.jetbrains.kotlin.backend.jvm.codegen.ExpressionCodegen.visitBlock(ExpressionCodegen.kt:134)
	at org.jetbrains.kotlin.ir.expressions.IrBlock.accept(IrBlock.kt:18)
	at org.jetbrains.kotlin.backend.jvm.codegen.ExpressionCodegen.visitWhen(ExpressionCodegen.kt:1054)
	at org.jetbrains.kotlin.backend.jvm.codegen.ExpressionCodegen.visitWhen(ExpressionCodegen.kt:134)
	at org.jetbrains.kotlin.ir.expressions.IrWhen.accept(IrWhen.kt:24)
	at org.jetbrains.kotlin.backend.jvm.codegen.ExpressionCodegen.visitStatementContainer(ExpressionCodegen.kt:530)
	at org.jetbrains.kotlin.backend.jvm.codegen.ExpressionCodegen.visitBlockBody(ExpressionCodegen.kt:535)
	at org.jetbrains.kotlin.backend.jvm.codegen.ExpressionCodegen.visitBlockBody(ExpressionCodegen.kt:134)
	at org.jetbrains.kotlin.ir.expressions.IrBlockBody.accept(IrBlockBody.kt:20)
	at org.jetbrains.kotlin.backend.jvm.codegen.ExpressionCodegen.generate(ExpressionCodegen.kt:232)
	at org.jetbrains.kotlin.backend.jvm.codegen.FunctionCodegen.doGenerate(FunctionCodegen.kt:129)
	at org.jetbrains.kotlin.backend.jvm.codegen.FunctionCodegen.generate(FunctionCodegen.kt:50)
	... 64 more


